<?xml version="1.0" encoding="UTF-8"?>
<testng-results ignored="0" total="1" passed="1" failed="0" skipped="0">
  <reporter-output>
  </reporter-output>
  <suite started-at="2023-12-09T07:26:25Z" name="Default suite" finished-at="2023-12-09T07:26:30Z" duration-ms="4684">
    <groups>
    </groups>
    <test started-at="2023-12-09T07:26:25Z" name="Default test" finished-at="2023-12-09T07:26:30Z" duration-ms="4684">
      <class name="testcases.LoginTest">
        <test-method is-config="true" signature="setUpAll()[pri:0, instance:testcases.LoginTest@31add175]" started-at="2023-12-09T07:26:25Z" name="setUpAll" finished-at="2023-12-09T07:26:25Z" duration-ms="340" status="PASS">
          <reporter-output>
          </reporter-output>
        </test-method> <!-- setUpAll -->
        <test-method is-config="true" signature="setUpDriver()[pri:0, instance:testcases.LoginTest@31add175]" started-at="2023-12-09T07:26:25Z" name="setUpDriver" finished-at="2023-12-09T07:26:26Z" duration-ms="1300" status="PASS">
          <reporter-output>
          </reporter-output>
        </test-method> <!-- setUpDriver -->
        <test-method signature="loginFailure()[pri:0, instance:testcases.LoginTest@31add175]" started-at="2023-12-09T07:26:26Z" name="loginFailure" finished-at="2023-12-09T07:26:30Z" duration-ms="3300" status="PASS">
          <reporter-output>
          </reporter-output>
        </test-method> <!-- loginFailure -->
        <test-method is-config="true" signature="cleanUp()[pri:0, instance:testcases.LoginTest@31add175]" started-at="2023-12-09T07:26:30Z" name="cleanUp" finished-at="2023-12-09T07:26:30Z" duration-ms="70" status="PASS">
          <reporter-output>
          </reporter-output>
        </test-method> <!-- cleanUp -->
      </class> <!-- testcases.LoginTest -->
    </test> <!-- Default test -->
  </suite> <!-- Default suite -->
</testng-results>
