<?xml version="1.0" encoding="UTF-8"?>
<testng-results ignored="0" total="2" passed="2" failed="0" skipped="0">
  <reporter-output>
  </reporter-output>
  <suite started-at="2023-12-09T08:01:09Z" name="Default suite" finished-at="2023-12-09T08:01:20Z" duration-ms="11347">
    <groups>
    </groups>
    <test started-at="2023-12-09T08:01:09Z" name="Default test" finished-at="2023-12-09T08:01:20Z" duration-ms="11347">
      <class name="testcases.LoginTest">
        <test-method is-config="true" signature="setUpAll()[pri:0, instance:testcases.LoginTest@4241e0f4]" started-at="2023-12-09T08:01:08Z" name="setUpAll" finished-at="2023-12-09T08:01:09Z" duration-ms="520" status="PASS">
          <reporter-output>
          </reporter-output>
        </test-method> <!-- setUpAll -->
        <test-method is-config="true" signature="setUpDriver()[pri:0, instance:testcases.LoginTest@4241e0f4]" started-at="2023-12-09T08:01:09Z" name="setUpDriver" finished-at="2023-12-09T08:01:10Z" duration-ms="1434" status="PASS">
          <reporter-output>
          </reporter-output>
        </test-method> <!-- setUpDriver -->
        <test-method signature="loginFailure()[pri:0, instance:testcases.LoginTest@4241e0f4]" started-at="2023-12-09T08:01:10Z" name="loginFailure" finished-at="2023-12-09T08:01:14Z" duration-ms="4299" status="PASS">
          <reporter-output>
          </reporter-output>
        </test-method> <!-- loginFailure -->
        <test-method is-config="true" signature="cleanUp()[pri:0, instance:testcases.LoginTest@4241e0f4]" started-at="2023-12-09T08:01:14Z" name="cleanUp" finished-at="2023-12-09T08:01:14Z" duration-ms="70" status="PASS">
          <reporter-output>
          </reporter-output>
        </test-method> <!-- cleanUp -->
        <test-method is-config="true" signature="setUpDriver()[pri:0, instance:testcases.LoginTest@4241e0f4]" started-at="2023-12-09T08:01:14Z" name="setUpDriver" finished-at="2023-12-09T08:01:15Z" duration-ms="1041" status="PASS">
          <reporter-output>
          </reporter-output>
        </test-method> <!-- setUpDriver -->
        <test-method signature="loginSuccess()[pri:0, instance:testcases.LoginTest@4241e0f4]" started-at="2023-12-09T08:01:15Z" name="loginSuccess" finished-at="2023-12-09T08:01:20Z" duration-ms="4415" status="PASS">
          <reporter-output>
          </reporter-output>
        </test-method> <!-- loginSuccess -->
        <test-method is-config="true" signature="cleanUp()[pri:0, instance:testcases.LoginTest@4241e0f4]" started-at="2023-12-09T08:01:20Z" name="cleanUp" finished-at="2023-12-09T08:01:20Z" duration-ms="70" status="PASS">
          <reporter-output>
          </reporter-output>
        </test-method> <!-- cleanUp -->
      </class> <!-- testcases.LoginTest -->
    </test> <!-- Default test -->
  </suite> <!-- Default suite -->
</testng-results>
